Using pre-set license
Built from '2020.3/staging' branch; Version is '2020.3.25f1 (9b9180224418) revision 10195328'; Using compiler version '192528614'; Build Type 'Release'
OS: 'Windows 10  (10.0.19044) 64bit CoreSingleLanguage' Language: 'ru' Physical Memory: 15825 MB
BatchMode: 1, IsHumanControllingUs: 0, StartBugReporterOnCrash: 0, Is64bit: 1, IsPro: 0

COMMAND LINE ARGUMENTS:
C:\Program Files\Unity\2020.3.25f1\Editor\Unity.exe
-adb2
-batchMode
-noUpm
-name
AssetImportWorker0
-projectPath
D:/UNITY PROJECTS/Pacifist
-logFile
Logs/AssetImportWorker0.log
-srvPort
53332
Successfully changed project path to: D:/UNITY PROJECTS/Pacifist
D:/UNITY PROJECTS/Pacifist
Using Asset Import Pipeline V2.
Refreshing native plugins compatible for Editor in 46.62 ms, found 3 plugins.
Preloading 0 native plugins for Editor in 0.00 ms.
Initialize engine version: 2020.3.25f1 (9b9180224418)
[Subsystems] Discovering subsystems at path C:/Program Files/Unity/2020.3.25f1/Editor/Data/Resources/UnitySubsystems
[Subsystems] Discovering subsystems at path D:/UNITY PROJECTS/Pacifist/Assets
GfxDevice: creating device client; threaded=0
Direct3D:
    Version:  Direct3D 11.0 [level 11.0]
    Renderer: NVIDIA GeForce GTX 960M (ID=0x139b)
    Vendor:   
    VRAM:     4055 MB
    Driver:   30.0.14.7212
Initialize mono
Mono path[0] = 'C:/Program Files/Unity/2020.3.25f1/Editor/Data/Managed'
Mono path[1] = 'C:/Program Files/Unity/2020.3.25f1/Editor/Data/MonoBleedingEdge/lib/mono/unityjit'
Mono config path = 'C:/Program Files/Unity/2020.3.25f1/Editor/Data/MonoBleedingEdge/etc'
Using monoOptions --debugger-agent=transport=dt_socket,embedding=1,server=y,suspend=n,address=127.0.0.1:56988
Begin MonoManager ReloadAssembly
Registering precompiled unity dll's ...
Register platform support module: C:/Program Files/Unity/2020.3.25f1/Editor/Data/PlaybackEngines/WindowsStandaloneSupport/UnityEditor.WindowsStandalone.Extensions.dll
Registered in 0.002240 seconds.
Native extension for WindowsStandalone target not found
Refreshing native plugins compatible for Editor in 47.42 ms, found 3 plugins.
Preloading 0 native plugins for Editor in 0.00 ms.
Mono: successfully reloaded assembly
- Completed reload, in  0.656 seconds
Domain Reload Profiling:
	ReloadAssembly (656ms)
		BeginReloadAssembly (59ms)
			ExecutionOrderSort (0ms)
			DisableScriptedObjects (0ms)
			BackupInstance (0ms)
			ReleaseScriptingObjects (0ms)
			CreateAndSetChildDomain (1ms)
		EndReloadAssembly (515ms)
			LoadAssemblies (57ms)
			RebuildTransferFunctionScriptingTraits (0ms)
			SetupTypeCache (179ms)
			ReleaseScriptCaches (0ms)
			RebuildScriptCaches (33ms)
			SetupLoadedEditorAssemblies (196ms)
				LogAssemblyErrors (0ms)
				InitializePlatformSupportModulesInManaged (5ms)
				SetLoadedEditorAssemblies (0ms)
				RefreshPlugins (47ms)
				BeforeProcessingInitializeOnLoad (14ms)
				ProcessInitializeOnLoadAttributes (96ms)
				ProcessInitializeOnLoadMethodAttributes (33ms)
				AfterProcessingInitializeOnLoad (0ms)
				EditorAssembliesLoaded (0ms)
			ExecutionOrderSort2 (0ms)
			AwakeInstancesAfterBackupRestoration (0ms)
Platform modules already initialized, skipping
Registering precompiled user dll's ...
Registered in 0.003442 seconds.
Begin MonoManager ReloadAssembly
Native extension for WindowsStandalone target not found
Refreshing native plugins compatible for Editor in 47.79 ms, found 3 plugins.
Preloading 0 native plugins for Editor in 0.00 ms.
Mono: successfully reloaded assembly
- Completed reload, in  1.259 seconds
Domain Reload Profiling:
	ReloadAssembly (1260ms)
		BeginReloadAssembly (164ms)
			ExecutionOrderSort (0ms)
			DisableScriptedObjects (6ms)
			BackupInstance (0ms)
			ReleaseScriptingObjects (0ms)
			CreateAndSetChildDomain (23ms)
		EndReloadAssembly (1027ms)
			LoadAssemblies (97ms)
			RebuildTransferFunctionScriptingTraits (0ms)
			SetupTypeCache (362ms)
			ReleaseScriptCaches (1ms)
			RebuildScriptCaches (52ms)
			SetupLoadedEditorAssemblies (382ms)
				LogAssemblyErrors (0ms)
				InitializePlatformSupportModulesInManaged (4ms)
				SetLoadedEditorAssemblies (0ms)
				RefreshPlugins (48ms)
				BeforeProcessingInitializeOnLoad (83ms)
				ProcessInitializeOnLoadAttributes (222ms)
				ProcessInitializeOnLoadMethodAttributes (19ms)
				AfterProcessingInitializeOnLoad (7ms)
				EditorAssembliesLoaded (0ms)
			ExecutionOrderSort2 (0ms)
			AwakeInstancesAfterBackupRestoration (7ms)
Platform modules already initialized, skipping
========================================================================
Worker process is ready to serve import requests
Launched and connected shader compiler UnityShaderCompiler.exe after 0.07 seconds
Refreshing native plugins compatible for Editor in 0.55 ms, found 3 plugins.
Preloading 0 native plugins for Editor in 0.00 ms.
Unloading 2194 Unused Serialized files (Serialized files now loaded: 0)
System memory in use before: 95.8 MB.
System memory in use after: 95.9 MB.

Unloading 28 unused Assets to reduce memory usage. Loaded Objects now: 2627.
Total: 3.245100 ms (FindLiveObjects: 0.183300 ms CreateObjectMapping: 0.094000 ms MarkObjects: 2.896000 ms  DeleteObjects: 0.070500 ms)

AssetImportParameters requested are different than current active one (requested -> active):
  custom:framework-win-MediaFoundation: 216162199b28c13a410421893ffa2e32 -> 
  custom:video-decoder-ogg-theora: a1e56fd34408186e4bbccfd4996cb3dc -> 
  custom:container-muxer-webm: aa71ff27fc2769a1b78a27578f13a17b -> 
  custom:container-demuxer-webm: 4f35f7cbe854078d1ac9338744f61a02 -> 
  custom:container-demuxer-ogg: 62fdf1f143b41e24485cea50d1cbac27 -> 
  custom:video-encoder-webm-vp8: eb34c28f22e8b96e1ab97ce403110664 -> 
  custom:video-decoder-webm-vp8: 9c59270c3fd7afecdb556c50c9e8de78 -> 
  custom:audio-decoder-ogg-vorbis: bf7c407c2cedff20999df2af8eb42d56 -> 
  custom:audio-encoder-webm-vorbis: bf7c407c2cedff20999df2af8eb42d56 -> 
========================================================================
Received Import Request.
  path: Assets/Sprites
  artifactKey: Guid(12d8ec87b8ddd2f49a340eef6aa8071a) Importer(815301076,1909f56bfc062723c751e8b465ee728b)
Start importing Assets/Sprites using Guid(12d8ec87b8ddd2f49a340eef6aa8071a) Importer(815301076,1909f56bfc062723c751e8b465ee728b)  -> (artifact id: '79abf3f6eedbf72e9f0ae8fb93ba966a') in 0.010933 seconds 
  Import took 0.015132 seconds .

========================================================================
Received Import Request.
  Time since last request: 4.758774 seconds.
  path: Assets/Sprites/Characters
  artifactKey: Guid(f1baf543d93c543418e40731e40a36d1) Importer(815301076,1909f56bfc062723c751e8b465ee728b)
Start importing Assets/Sprites/Characters using Guid(f1baf543d93c543418e40731e40a36d1) Importer(815301076,1909f56bfc062723c751e8b465ee728b)  -> (artifact id: 'f9ae6e5c880cca91855e94dbcebbab33') in 0.007514 seconds 
  Import took 0.011994 seconds .

========================================================================
Received Import Request.
  Time since last request: 0.146642 seconds.
  path: Assets/Sprites/Characters/Characters.psd
  artifactKey: Guid(df232102ce78d2545ad7e995ff7419b3) Importer(815301076,1909f56bfc062723c751e8b465ee728b)
Start importing Assets/Sprites/Characters/Characters.psd using Guid(df232102ce78d2545ad7e995ff7419b3) Importer(815301076,1909f56bfc062723c751e8b465ee728b)  -> (artifact id: '7cb11af6dc2329a9a65bf6bbf91e5e41') in 0.196569 seconds 
  Import took 0.200631 seconds .

========================================================================
Received Import Request.
  Time since last request: 0.000239 seconds.
  path: Assets/Sprites/Characters/CharactersTest2.png
  artifactKey: Guid(71b71422171918d4895f12652cd85391) Importer(815301076,1909f56bfc062723c751e8b465ee728b)
Start importing Assets/Sprites/Characters/CharactersTest2.png using Guid(71b71422171918d4895f12652cd85391) Importer(815301076,1909f56bfc062723c751e8b465ee728b)  -> (artifact id: 'bf1d1be78edfa26c81443f473fae789a') in 0.047317 seconds 
  Import took 0.051480 seconds .

========================================================================
Received Import Request.
  Time since last request: 0.000297 seconds.
  path: Assets/Sprites/Characters/CharactersTest1.png
  artifactKey: Guid(9ca7fbad22d9c3943b6a28ca5d003f1b) Importer(815301076,1909f56bfc062723c751e8b465ee728b)
Start importing Assets/Sprites/Characters/CharactersTest1.png using Guid(9ca7fbad22d9c3943b6a28ca5d003f1b) Importer(815301076,1909f56bfc062723c751e8b465ee728b)  -> (artifact id: 'be00dc2f3cc2390ffd0ae754458d812a') in 0.014788 seconds 
  Import took 0.019195 seconds .

========================================================================
Received Import Request.
  Time since last request: 11.822695 seconds.
  path: Assets/Sprites/Characters/CharactersTest01.png
  artifactKey: Guid(9ca7fbad22d9c3943b6a28ca5d003f1b) Importer(815301076,1909f56bfc062723c751e8b465ee728b)
Start importing Assets/Sprites/Characters/CharactersTest01.png using Guid(9ca7fbad22d9c3943b6a28ca5d003f1b) Importer(815301076,1909f56bfc062723c751e8b465ee728b)  -> (artifact id: '06fed9099b4d85dff3031542a4bcd346') in 0.014308 seconds 
  Import took 0.019036 seconds .

========================================================================
Received Import Request.
  Time since last request: 23.193558 seconds.
  path: Assets/Sprites/Characters/CharactersTest02.png
  artifactKey: Guid(71b71422171918d4895f12652cd85391) Importer(815301076,1909f56bfc062723c751e8b465ee728b)
Start importing Assets/Sprites/Characters/CharactersTest02.png using Guid(71b71422171918d4895f12652cd85391) Importer(815301076,1909f56bfc062723c751e8b465ee728b)  -> (artifact id: 'd72bf57863d992f0cc59ec1691d8f794') in 0.014519 seconds 
  Import took 0.019779 seconds .

========================================================================
Received Import Request.
  Time since last request: 2.949677 seconds.
  path: Assets/Sprites/Tiles
  artifactKey: Guid(8b64adfb2a168dc4c872b62bd93e8672) Importer(815301076,1909f56bfc062723c751e8b465ee728b)
Start importing Assets/Sprites/Tiles using Guid(8b64adfb2a168dc4c872b62bd93e8672) Importer(815301076,1909f56bfc062723c751e8b465ee728b)  -> (artifact id: 'b0b255b3b555a74367d3196dda6d432b') in 0.007280 seconds 
  Import took 0.011127 seconds .

========================================================================
Received Import Request.
  Time since last request: 0.049587 seconds.
  path: Assets/Sprites/Tiles/Tiles.psd
  artifactKey: Guid(ea7bd995fc1dfb946bd9f65f20f6c051) Importer(815301076,1909f56bfc062723c751e8b465ee728b)
Start importing Assets/Sprites/Tiles/Tiles.psd using Guid(ea7bd995fc1dfb946bd9f65f20f6c051) Importer(815301076,1909f56bfc062723c751e8b465ee728b)  -> (artifact id: '6d40ad7acc6322d82fce6ecdd99fbb5c') in 0.016567 seconds 
  Import took 0.020643 seconds .

========================================================================
Received Import Request.
  Time since last request: 0.000232 seconds.
  path: Assets/Sprites/Tiles/TilesTest1.png
  artifactKey: Guid(dd73d38923ee2394bbd3e0d4d86c8c5a) Importer(815301076,1909f56bfc062723c751e8b465ee728b)
Start importing Assets/Sprites/Tiles/TilesTest1.png using Guid(dd73d38923ee2394bbd3e0d4d86c8c5a) Importer(815301076,1909f56bfc062723c751e8b465ee728b)  -> (artifact id: '23ceed9feeb195444f99eb5d6a235577') in 0.020599 seconds 
  Import took 0.024513 seconds .

========================================================================
Received Import Request.
  Time since last request: 0.000228 seconds.
  path: Assets/Sprites/Tiles/TilesTest2.png
  artifactKey: Guid(732f1c0e23c93c447807da5eb447808d) Importer(815301076,1909f56bfc062723c751e8b465ee728b)
Start importing Assets/Sprites/Tiles/TilesTest2.png using Guid(732f1c0e23c93c447807da5eb447808d) Importer(815301076,1909f56bfc062723c751e8b465ee728b)  -> (artifact id: '321cda96a8ca89b796b98f70514c1b72') in 0.017671 seconds 
  Import took 0.022798 seconds .

========================================================================
Received Import Request.
  Time since last request: 5.731691 seconds.
  path: Assets/Sprites/Tiles/TilesTest01.png
  artifactKey: Guid(dd73d38923ee2394bbd3e0d4d86c8c5a) Importer(815301076,1909f56bfc062723c751e8b465ee728b)
Start importing Assets/Sprites/Tiles/TilesTest01.png using Guid(dd73d38923ee2394bbd3e0d4d86c8c5a) Importer(815301076,1909f56bfc062723c751e8b465ee728b)  -> (artifact id: '8e56187a3700b29ce288b528a70f3c15') in 0.015179 seconds 
  Import took 0.018969 seconds .

========================================================================
Received Import Request.
  Time since last request: 8.339071 seconds.
  path: Assets/Sprites/Tiles/TilesTest02.png
  artifactKey: Guid(732f1c0e23c93c447807da5eb447808d) Importer(815301076,1909f56bfc062723c751e8b465ee728b)
Start importing Assets/Sprites/Tiles/TilesTest02.png using Guid(732f1c0e23c93c447807da5eb447808d) Importer(815301076,1909f56bfc062723c751e8b465ee728b)  -> (artifact id: '74884b185d11c29af307a980bbc898bf') in 0.013596 seconds 
  Import took 0.017836 seconds .

========================================================================
Received Import Request.
  Time since last request: 8.332966 seconds.
  path: Assets/Scenes
  artifactKey: Guid(9422a5e8c0a3c714588a9eb1146cf9ed) Importer(815301076,1909f56bfc062723c751e8b465ee728b)
Start importing Assets/Scenes using Guid(9422a5e8c0a3c714588a9eb1146cf9ed) Importer(815301076,1909f56bfc062723c751e8b465ee728b)  -> (artifact id: '41635a336b3a66dc17db6c14ac240415') in 0.007601 seconds 
  Import took 0.011898 seconds .

========================================================================
Received Import Request.
  Time since last request: 1.516928 seconds.
  path: Assets/Scenes/SampleScene.unity
  artifactKey: Guid(2cda990e2423bbf4892e6590ba056729) Importer(815301076,1909f56bfc062723c751e8b465ee728b)
Start importing Assets/Scenes/SampleScene.unity using Guid(2cda990e2423bbf4892e6590ba056729) Importer(815301076,1909f56bfc062723c751e8b465ee728b)  -> (artifact id: 'aa27944bdea339c97c39027c7eea529c') in 0.006103 seconds 
  Import took 0.010116 seconds .

========================================================================
Received Import Request.
  Time since last request: 10.924246 seconds.
  path: Assets/Scenes/Level01.unity
  artifactKey: Guid(2cda990e2423bbf4892e6590ba056729) Importer(815301076,1909f56bfc062723c751e8b465ee728b)
Start importing Assets/Scenes/Level01.unity using Guid(2cda990e2423bbf4892e6590ba056729) Importer(815301076,1909f56bfc062723c751e8b465ee728b)  -> (artifact id: '7635f21058b73bff7255279c12fb2a96') in 0.009697 seconds 
  Import took 0.014082 seconds .

========================================================================
Received Import Request.
  Time since last request: 190.775665 seconds.
  path: Assets/Sprites/Tiles/TilesTest01.asset
  artifactKey: Guid(e362f846180667b43acd378930b24283) Importer(815301076,1909f56bfc062723c751e8b465ee728b)
Start importing Assets/Sprites/Tiles/TilesTest01.asset using Guid(e362f846180667b43acd378930b24283) Importer(815301076,1909f56bfc062723c751e8b465ee728b)  -> (artifact id: '874f199748a6c4609ccb230f3dd8a2eb') in 0.045857 seconds 
  Import took 0.051308 seconds .

========================================================================
Received Import Request.
  Time since last request: 18.367073 seconds.
  path: Assets/Sprites/Tiles/TilesTest02.asset
  artifactKey: Guid(f02b55212534d734fbcbe65eab36dce4) Importer(815301076,1909f56bfc062723c751e8b465ee728b)
Start importing Assets/Sprites/Tiles/TilesTest02.asset using Guid(f02b55212534d734fbcbe65eab36dce4) Importer(815301076,1909f56bfc062723c751e8b465ee728b)  -> (artifact id: 'cd3312ec3cbed4194bc8609c2440e551') in 0.011983 seconds 
  Import took 0.016494 seconds .

========================================================================
Received Import Request.
  Time since last request: 131.265056 seconds.
  path: Assets/Sprites/Tiles/TilesTest02.png
  artifactKey: Guid(732f1c0e23c93c447807da5eb447808d) Importer(815301076,1909f56bfc062723c751e8b465ee728b)
Start importing Assets/Sprites/Tiles/TilesTest02.png using Guid(732f1c0e23c93c447807da5eb447808d) Importer(815301076,1909f56bfc062723c751e8b465ee728b)  -> (artifact id: '3ea5cb5205c4b5f9bf518f7e144283b8') in 0.010499 seconds 
  Import took 0.015445 seconds .

========================================================================
Received Import Request.
  Time since last request: 0.006218 seconds.
  path: Assets/Sprites/Characters/CharactersTest01.png
  artifactKey: Guid(9ca7fbad22d9c3943b6a28ca5d003f1b) Importer(815301076,1909f56bfc062723c751e8b465ee728b)
Start importing Assets/Sprites/Characters/CharactersTest01.png using Guid(9ca7fbad22d9c3943b6a28ca5d003f1b) Importer(815301076,1909f56bfc062723c751e8b465ee728b)  -> (artifact id: '34e48cff8bd6899bcc391e1e11a7f2c8') in 0.011984 seconds 
  Import took 0.016091 seconds .

========================================================================
Received Import Request.
  Time since last request: 0.000211 seconds.
  path: Assets/Sprites/Tiles/TilesTest01.png
  artifactKey: Guid(dd73d38923ee2394bbd3e0d4d86c8c5a) Importer(815301076,1909f56bfc062723c751e8b465ee728b)
Start importing Assets/Sprites/Tiles/TilesTest01.png using Guid(dd73d38923ee2394bbd3e0d4d86c8c5a) Importer(815301076,1909f56bfc062723c751e8b465ee728b)  -> (artifact id: '60b62ae4027f05a3701c0e78e8a40739') in 0.008603 seconds 
  Import took 0.013205 seconds .

========================================================================
Received Import Request.
  Time since last request: 0.000213 seconds.
  path: Assets/Sprites/Characters/CharactersTest02.png
  artifactKey: Guid(71b71422171918d4895f12652cd85391) Importer(815301076,1909f56bfc062723c751e8b465ee728b)
Start importing Assets/Sprites/Characters/CharactersTest02.png using Guid(71b71422171918d4895f12652cd85391) Importer(815301076,1909f56bfc062723c751e8b465ee728b)  -> (artifact id: 'eb6c0631c5df091ea5a011710893f0d9') in 0.009060 seconds 
  Import took 0.013077 seconds .

AssetImportWorkerClient::OnTransportError - code=2 error=End of file
